<?xml version="1.0" encoding="UTF-8"?>
<!-- Generated by org.testng.reporters.JUnitReportReporter -->
<testsuite hostname="DESKTOP-7UM4BHF" failures="0" tests="2" name="scripts.TC3" time="0.019" errors="0" timestamp="2024-07-05T07:49:53 IST" skipped="0">
  <testcase classname="scripts.TC3" name="testLogin" time="0.007"/>
  <system-out/>
  <testcase classname="scripts.TC3" name="testlogout" time="0.012"/>
  <system-out/>
</testsuite> <!-- scripts.TC3 -->
