<?xml version="1.0" encoding="UTF-8"?>
<!-- Generated by org.testng.reporters.JUnitReportReporter -->
<testsuite hostname="DESKTOP-7UM4BHF" failures="0" tests="1" name="scripts.TC1" time="7.955" errors="0" timestamp="2024-07-05T09:25:40 IST" skipped="0">
  <testcase classname="scripts.TC1" name="test1" time="7.955"/>
</testsuite> <!-- scripts.TC1 -->
